  LoadOAL.cpp
  imgui_impl_opengl3.cpp
  imgui_impl_glfw.cpp
  imgui_draw.cpp
  imgui_demo.cpp
  imgui.cpp
  Framework.cpp
  CWaves.cpp
  aldlist.cpp
  main.cpp
c:\users\vinay komaravolu\source\repos\ogltut\includes\glm\detail\setup.hpp(589): warning C4005: 'GLM_SWIZZLE': macro redefinition
  c:\users\vinay komaravolu\source\repos\ogltut\main.cpp(4): note: see previous definition of 'GLM_SWIZZLE'
c:\users\vinay komaravolu\source\repos\ogltut\includes\shader.h(65): warning C4101: 'infoLog': unreferenced local variable
c:\users\vinay komaravolu\source\repos\ogltut\includes\shader.h(64): warning C4101: 'success': unreferenced local variable
c:\users\vinay komaravolu\source\repos\ogltut\includes\mesh.h(88): warning C4267: 'argument': conversion from 'size_t' to 'GLsizei', possible loss of data
c:\users\vinay komaravolu\source\repos\ogltut\includes\textgl.h(12): warning C4067: unexpected tokens following preprocessor directive - expected a newline
c:\users\vinay komaravolu\source\repos\ogltut\includes\textgl.h(143): warning C4838: conversion from 'FT_Pos' to 'GLuint' requires a narrowing conversion
c:\users\vinay komaravolu\source\repos\ogltut\main.cpp(111): warning C4244: 'initializing': conversion from 'double' to 'float', possible loss of data
c:\users\vinay komaravolu\source\repos\ogltut\main.cpp(116): warning C4244: 'initializing': conversion from 'double' to 'float', possible loss of data
c:\users\vinay komaravolu\source\repos\ogltut\main.cpp(232): warning C4244: '=': conversion from 'double' to 'float', possible loss of data
c:\users\vinay komaravolu\source\repos\ogltut\main.cpp(233): warning C4244: '=': conversion from 'double' to 'float', possible loss of data
c:\users\vinay komaravolu\source\repos\ogltut\main.cpp(237): warning C4244: 'initializing': conversion from 'double' to 'float', possible loss of data
c:\users\vinay komaravolu\source\repos\ogltut\main.cpp(238): warning C4244: 'initializing': conversion from 'double' to 'float', possible loss of data
c:\users\vinay komaravolu\source\repos\ogltut\main.cpp(240): warning C4244: '=': conversion from 'double' to 'float', possible loss of data
c:\users\vinay komaravolu\source\repos\ogltut\main.cpp(241): warning C4244: '=': conversion from 'double' to 'float', possible loss of data
c:\users\vinay komaravolu\source\repos\ogltut\main.cpp(250): warning C4244: 'argument': conversion from 'double' to 'float', possible loss of data
  Generating Code...
  glad.c
main.obj : error LNK2019: unresolved external symbol glfwInit referenced in function main
main.obj : error LNK2019: unresolved external symbol glfwTerminate referenced in function main
main.obj : error LNK2019: unresolved external symbol glfwWindowHint referenced in function main
main.obj : error LNK2019: unresolved external symbol glfwCreateWindow referenced in function main
main.obj : error LNK2019: unresolved external symbol glfwWindowShouldClose referenced in function main
main.obj : error LNK2019: unresolved external symbol glfwSetWindowShouldClose referenced in function "void __cdecl processInput(struct GLFWwindow *)" (?processInput@@YAXPEAUGLFWwindow@@@Z)
main.obj : error LNK2019: unresolved external symbol glfwSetFramebufferSizeCallback referenced in function main
main.obj : error LNK2019: unresolved external symbol glfwPollEvents referenced in function main
main.obj : error LNK2019: unresolved external symbol glfwSetInputMode referenced in function main
imgui_impl_glfw.obj : error LNK2001: unresolved external symbol glfwSetInputMode
main.obj : error LNK2019: unresolved external symbol glfwGetKey referenced in function "void __cdecl processInput(struct GLFWwindow *)" (?processInput@@YAXPEAUGLFWwindow@@@Z)
main.obj : error LNK2019: unresolved external symbol glfwSetCursorPosCallback referenced in function main
main.obj : error LNK2019: unresolved external symbol glfwSetScrollCallback referenced in function main
imgui_impl_glfw.obj : error LNK2001: unresolved external symbol glfwSetScrollCallback
main.obj : error LNK2019: unresolved external symbol glfwGetTime referenced in function main
imgui_impl_glfw.obj : error LNK2001: unresolved external symbol glfwGetTime
main.obj : error LNK2019: unresolved external symbol glfwMakeContextCurrent referenced in function main
main.obj : error LNK2019: unresolved external symbol glfwSwapBuffers referenced in function main
main.obj : error LNK2019: unresolved external symbol glfwGetProcAddress referenced in function main
main.obj : error LNK2019: unresolved external symbol "public: __cdecl Assimp::Importer::Importer(void)" (??0Importer@Assimp@@QEAA@XZ) referenced in function "private: void __cdecl Model::loadModel(class std::basic_string<char,struct std::char_traits<char>,class std::allocator<char> > const &)" (?loadModel@Model@@AEAAXAEBV?$basic_string@DU?$char_traits@D@std@@V?$allocator@D@2@@std@@@Z)
main.obj : error LNK2019: unresolved external symbol "public: __cdecl Assimp::Importer::~Importer(void)" (??1Importer@Assimp@@QEAA@XZ) referenced in function "private: void __cdecl Model::loadModel(class std::basic_string<char,struct std::char_traits<char>,class std::allocator<char> > const &)" (?loadModel@Model@@AEAAXAEBV?$basic_string@DU?$char_traits@D@std@@V?$allocator@D@2@@std@@@Z)
main.obj : error LNK2019: unresolved external symbol "public: struct aiScene const * __cdecl Assimp::Importer::ReadFile(char const *,unsigned int)" (?ReadFile@Importer@Assimp@@QEAAPEBUaiScene@@PEBDI@Z) referenced in function "public: struct aiScene const * __cdecl Assimp::Importer::ReadFile(class std::basic_string<char,struct std::char_traits<char>,class std::allocator<char> > const &,unsigned int)" (?ReadFile@Importer@Assimp@@QEAAPEBUaiScene@@AEBV?$basic_string@DU?$char_traits@D@std@@V?$allocator@D@2@@std@@I@Z)
main.obj : error LNK2019: unresolved external symbol "public: char const * __cdecl Assimp::Importer::GetErrorString(void)const " (?GetErrorString@Importer@Assimp@@QEBAPEBDXZ) referenced in function "private: void __cdecl Model::loadModel(class std::basic_string<char,struct std::char_traits<char>,class std::allocator<char> > const &)" (?loadModel@Model@@AEAAXAEBV?$basic_string@DU?$char_traits@D@std@@V?$allocator@D@2@@std@@@Z)
main.obj : error LNK2019: unresolved external symbol aiGetMaterialTextureCount referenced in function "public: unsigned int __cdecl aiMaterial::GetTextureCount(enum aiTextureType)const " (?GetTextureCount@aiMaterial@@QEBAIW4aiTextureType@@@Z)
main.obj : error LNK2019: unresolved external symbol aiGetMaterialTexture referenced in function "public: enum aiReturn __cdecl aiMaterial::GetTexture(enum aiTextureType,unsigned int,struct aiString *,enum aiTextureMapping *,unsigned int *,float *,enum aiTextureOp *,enum aiTextureMapMode *)const " (?GetTexture@aiMaterial@@QEBA?AW4aiReturn@@W4aiTextureType@@IPEAUaiString@@PEAW4aiTextureMapping@@PEAIPEAMPEAW4aiTextureOp@@PEAW4aiTextureMapMode@@@Z)
main.obj : error LNK2019: unresolved external symbol FT_Init_FreeType referenced in function "public: __cdecl textGL::textGL(class std::basic_string<char,struct std::char_traits<char>,class std::allocator<char> >,unsigned int)" (??0textGL@@QEAA@V?$basic_string@DU?$char_traits@D@std@@V?$allocator@D@2@@std@@I@Z)
main.obj : error LNK2019: unresolved external symbol FT_Done_FreeType referenced in function "public: __cdecl textGL::textGL(class std::basic_string<char,struct std::char_traits<char>,class std::allocator<char> >,unsigned int)" (??0textGL@@QEAA@V?$basic_string@DU?$char_traits@D@std@@V?$allocator@D@2@@std@@I@Z)
main.obj : error LNK2019: unresolved external symbol FT_New_Face referenced in function "public: __cdecl textGL::textGL(class std::basic_string<char,struct std::char_traits<char>,class std::allocator<char> >,unsigned int)" (??0textGL@@QEAA@V?$basic_string@DU?$char_traits@D@std@@V?$allocator@D@2@@std@@I@Z)
main.obj : error LNK2019: unresolved external symbol FT_Done_Face referenced in function "public: __cdecl textGL::textGL(class std::basic_string<char,struct std::char_traits<char>,class std::allocator<char> >,unsigned int)" (??0textGL@@QEAA@V?$basic_string@DU?$char_traits@D@std@@V?$allocator@D@2@@std@@I@Z)
main.obj : error LNK2019: unresolved external symbol FT_Set_Pixel_Sizes referenced in function "public: __cdecl textGL::textGL(class std::basic_string<char,struct std::char_traits<char>,class std::allocator<char> >,unsigned int)" (??0textGL@@QEAA@V?$basic_string@DU?$char_traits@D@std@@V?$allocator@D@2@@std@@I@Z)
main.obj : error LNK2019: unresolved external symbol FT_Load_Char referenced in function "private: void __cdecl textGL::loadGlyphs(struct FT_FaceRec_ *)" (?loadGlyphs@textGL@@AEAAXPEAUFT_FaceRec_@@@Z)
imgui_impl_glfw.obj : error LNK2019: unresolved external symbol glfwGetWindowSize referenced in function "void __cdecl ImGui_ImplGlfw_NewFrame(void)" (?ImGui_ImplGlfw_NewFrame@@YAXXZ)
imgui_impl_glfw.obj : error LNK2019: unresolved external symbol glfwGetFramebufferSize referenced in function "void __cdecl ImGui_ImplGlfw_NewFrame(void)" (?ImGui_ImplGlfw_NewFrame@@YAXXZ)
imgui_impl_glfw.obj : error LNK2019: unresolved external symbol glfwGetWindowAttrib referenced in function "void __cdecl ImGui_ImplGlfw_UpdateMousePosAndButtons(void)" (?ImGui_ImplGlfw_UpdateMousePosAndButtons@@YAXXZ)
imgui_impl_glfw.obj : error LNK2019: unresolved external symbol glfwGetInputMode referenced in function "void __cdecl ImGui_ImplGlfw_UpdateMouseCursor(void)" (?ImGui_ImplGlfw_UpdateMouseCursor@@YAXXZ)
imgui_impl_glfw.obj : error LNK2019: unresolved external symbol glfwGetMouseButton referenced in function "void __cdecl ImGui_ImplGlfw_UpdateMousePosAndButtons(void)" (?ImGui_ImplGlfw_UpdateMousePosAndButtons@@YAXXZ)
imgui_impl_glfw.obj : error LNK2019: unresolved external symbol glfwGetCursorPos referenced in function "void __cdecl ImGui_ImplGlfw_UpdateMousePosAndButtons(void)" (?ImGui_ImplGlfw_UpdateMousePosAndButtons@@YAXXZ)
imgui_impl_glfw.obj : error LNK2019: unresolved external symbol glfwSetCursorPos referenced in function "void __cdecl ImGui_ImplGlfw_UpdateMousePosAndButtons(void)" (?ImGui_ImplGlfw_UpdateMousePosAndButtons@@YAXXZ)
imgui_impl_glfw.obj : error LNK2019: unresolved external symbol glfwCreateStandardCursor referenced in function "bool __cdecl ImGui_ImplGlfw_Init(struct GLFWwindow *,bool,enum GlfwClientApi)" (?ImGui_ImplGlfw_Init@@YA_NPEAUGLFWwindow@@_NW4GlfwClientApi@@@Z)
imgui_impl_glfw.obj : error LNK2019: unresolved external symbol glfwDestroyCursor referenced in function "void __cdecl ImGui_ImplGlfw_Shutdown(void)" (?ImGui_ImplGlfw_Shutdown@@YAXXZ)
imgui_impl_glfw.obj : error LNK2019: unresolved external symbol glfwSetCursor referenced in function "void __cdecl ImGui_ImplGlfw_UpdateMouseCursor(void)" (?ImGui_ImplGlfw_UpdateMouseCursor@@YAXXZ)
imgui_impl_glfw.obj : error LNK2019: unresolved external symbol glfwSetKeyCallback referenced in function "void __cdecl ImGui_ImplGlfw_InstallCallbacks(struct GLFWwindow *)" (?ImGui_ImplGlfw_InstallCallbacks@@YAXPEAUGLFWwindow@@@Z)
imgui_impl_glfw.obj : error LNK2019: unresolved external symbol glfwSetCharCallback referenced in function "void __cdecl ImGui_ImplGlfw_InstallCallbacks(struct GLFWwindow *)" (?ImGui_ImplGlfw_InstallCallbacks@@YAXPEAUGLFWwindow@@@Z)
imgui_impl_glfw.obj : error LNK2019: unresolved external symbol glfwSetMouseButtonCallback referenced in function "void __cdecl ImGui_ImplGlfw_InstallCallbacks(struct GLFWwindow *)" (?ImGui_ImplGlfw_InstallCallbacks@@YAXPEAUGLFWwindow@@@Z)
imgui_impl_glfw.obj : error LNK2019: unresolved external symbol glfwGetJoystickAxes referenced in function "void __cdecl ImGui_ImplGlfw_NewFrame(void)" (?ImGui_ImplGlfw_NewFrame@@YAXXZ)
imgui_impl_glfw.obj : error LNK2019: unresolved external symbol glfwGetJoystickButtons referenced in function "void __cdecl ImGui_ImplGlfw_NewFrame(void)" (?ImGui_ImplGlfw_NewFrame@@YAXXZ)
imgui_impl_glfw.obj : error LNK2019: unresolved external symbol glfwSetClipboardString referenced in function "void __cdecl ImGui_ImplGlfw_SetClipboardText(void *,char const *)" (?ImGui_ImplGlfw_SetClipboardText@@YAXPEAXPEBD@Z)
imgui_impl_glfw.obj : error LNK2019: unresolved external symbol glfwGetClipboardString referenced in function "char const * __cdecl ImGui_ImplGlfw_GetClipboardText(void *)" (?ImGui_ImplGlfw_GetClipboardText@@YAPEBDPEAX@Z)
imgui_impl_glfw.obj : error LNK2019: unresolved external symbol glfwGetWin32Window referenced in function "bool __cdecl ImGui_ImplGlfw_Init(struct GLFWwindow *,bool,enum GlfwClientApi)" (?ImGui_ImplGlfw_Init@@YA_NPEAUGLFWwindow@@_NW4GlfwClientApi@@@Z)
C:\Users\Vinay Komaravolu\Source\Repos\OGLTUT\libraries\glfw3.lib : warning LNK4272: library machine type 'x86' conflicts with target machine type 'x64'
C:\Users\Vinay Komaravolu\Source\Repos\OGLTUT\libraries\assimp-vc140-mt.lib : warning LNK4272: library machine type 'x86' conflicts with target machine type 'x64'
C:\Users\Vinay Komaravolu\Source\Repos\OGLTUT\libraries\freetype.lib : warning LNK4272: library machine type 'x86' conflicts with target machine type 'x64'
C:\Users\Vinay Komaravolu\Source\Repos\OGLTUT\x64\Debug\OGLTUT.exe : fatal error LNK1120: 46 unresolved externals
