c:\users\vinay komaravolu\source\repos\ogltut\x64\debug\vc141.pdb
c:\users\vinay komaravolu\source\repos\ogltut\x64\debug\vc141.idb
c:\users\vinay komaravolu\source\repos\ogltut\x64\debug\main.obj
c:\users\vinay komaravolu\source\repos\ogltut\x64\debug\cwaves.obj
c:\users\vinay komaravolu\source\repos\ogltut\x64\debug\loadoal.obj
c:\users\vinay komaravolu\source\repos\ogltut\x64\debug\aldlist.obj
c:\users\vinay komaravolu\source\repos\ogltut\x64\debug\imgui.obj
c:\users\vinay komaravolu\source\repos\ogltut\x64\debug\imgui_demo.obj
c:\users\vinay komaravolu\source\repos\ogltut\x64\debug\imgui_draw.obj
c:\users\vinay komaravolu\source\repos\ogltut\x64\debug\imgui_impl_glfw.obj
c:\users\vinay komaravolu\source\repos\ogltut\x64\debug\imgui_impl_opengl3.obj
c:\users\vinay komaravolu\source\repos\ogltut\x64\debug\framework.obj
c:\users\vinay komaravolu\source\repos\ogltut\x64\debug\glad.obj
c:\users\vinay komaravolu\source\repos\ogltut\x64\debug\ogltut.pdb
c:\users\vinay komaravolu\source\repos\ogltut\x64\debug\ogltut.tlog\cl.command.1.tlog
c:\users\vinay komaravolu\source\repos\ogltut\x64\debug\ogltut.tlog\cl.read.1.tlog
c:\users\vinay komaravolu\source\repos\ogltut\x64\debug\ogltut.tlog\cl.write.1.tlog
c:\users\vinay komaravolu\source\repos\ogltut\x64\debug\ogltut.tlog\link-cvtres.read.1.tlog
c:\users\vinay komaravolu\source\repos\ogltut\x64\debug\ogltut.tlog\link-cvtres.write.1.tlog
c:\users\vinay komaravolu\source\repos\ogltut\x64\debug\ogltut.tlog\link-rc.read.1.tlog
c:\users\vinay komaravolu\source\repos\ogltut\x64\debug\ogltut.tlog\link-rc.write.1.tlog
c:\users\vinay komaravolu\source\repos\ogltut\x64\debug\ogltut.tlog\link.command.1.tlog
c:\users\vinay komaravolu\source\repos\ogltut\x64\debug\ogltut.tlog\link.read.1.tlog
c:\users\vinay komaravolu\source\repos\ogltut\x64\debug\ogltut.tlog\link.write.1.tlog
