  main.cpp
c:\users\main\source\repos\text\main.cpp(2): fatal error C1083: Cannot open include file: 'glad/glad.h': No such file or directory
  aldlist.cpp
c:\users\main\source\repos\text\src\aldlist.cpp(25): fatal error C1083: Cannot open include file: 'aldlist.h': No such file or directory
  CWaves.cpp
c:\users\main\source\repos\text\src\cwaves.cpp(25): fatal error C1083: Cannot open include file: 'CWaves.h': No such file or directory
  Framework.cpp
c:\users\main\source\repos\text\src\framework.cpp(29): fatal error C1083: Cannot open include file: 'Framework.h': No such file or directory
  imgui.cpp
c:\users\main\source\repos\text\src\imgui.cpp(754): fatal error C1083: Cannot open include file: 'imgui\imgui.h': No such file or directory
  imgui_demo.cpp
c:\users\main\source\repos\text\src\imgui_demo.cpp(25): fatal error C1083: Cannot open include file: 'imgui\imgui.h': No such file or directory
  imgui_draw.cpp
c:\users\main\source\repos\text\src\imgui_draw.cpp(16): fatal error C1083: Cannot open include file: 'imgui\imgui.h': No such file or directory
  imgui_impl_glfw.cpp
c:\users\main\source\repos\text\src\imgui_impl_glfw.cpp(29): fatal error C1083: Cannot open include file: 'imgui\imgui.h': No such file or directory
  imgui_impl_opengl3.cpp
c:\users\main\source\repos\text\src\imgui_impl_opengl3.cpp(28): fatal error C1083: Cannot open include file: 'imgui\imgui.h': No such file or directory
  LoadOAL.cpp
c:\users\main\source\repos\text\src\loadoal.cpp(26): fatal error C1083: Cannot open include file: 'LoadOAL.h': No such file or directory
