c:\users\main\source\repos\text\debug\vc141.pdb
c:\users\main\source\repos\text\debug\vc141.idb
c:\users\main\source\repos\text\debug\texteditor.obj
c:\users\main\source\repos\text\debug\loadoal.obj
c:\users\main\source\repos\text\debug\imgui_impl_opengl3.obj
c:\users\main\source\repos\text\debug\imgui_impl_glfw.obj
c:\users\main\source\repos\text\debug\imgui_draw.obj
c:\users\main\source\repos\text\debug\imgui_demo.obj
c:\users\main\source\repos\text\debug\imguitabwindow.obj
c:\users\main\source\repos\text\debug\imgui.obj
c:\users\main\source\repos\text\debug\framework.obj
c:\users\main\source\repos\text\debug\cwaves.obj
c:\users\main\source\repos\text\debug\aldlist.obj
c:\users\main\source\repos\text\debug\glad.obj
c:\users\main\source\repos\text\debug\main.obj
c:\users\main\source\repos\text\debug\text.exe
c:\users\main\source\repos\text\debug\text.pdb
c:\users\main\source\repos\text\debug\text.res
c:\users\main\source\repos\text\debug\text.tlog\cl.command.1.tlog
c:\users\main\source\repos\text\debug\text.tlog\cl.read.1.tlog
c:\users\main\source\repos\text\debug\text.tlog\cl.write.1.tlog
c:\users\main\source\repos\text\debug\text.tlog\link.command.1.tlog
c:\users\main\source\repos\text\debug\text.tlog\link.read.1.tlog
c:\users\main\source\repos\text\debug\text.tlog\link.write.1.tlog
c:\users\main\source\repos\text\debug\text.tlog\rc.command.1.tlog
c:\users\main\source\repos\text\debug\text.tlog\rc.read.1.tlog
c:\users\main\source\repos\text\debug\text.tlog\rc.write.1.tlog
